<?xml version="1.0" encoding="UTF-8"?>
<testsuite xmlns:xsi="http://www.w3.org/2001/XMLSchema-instance" xsi:noNamespaceSchemaLocation="https://maven.apache.org/surefire/maven-surefire-plugin/xsd/surefire-test-report-3.0.xsd" version="3.0" name="edu.ics372.ParserTest" time="0.01" tests="5" errors="0" skipped="0" failures="0">
  <properties>
[...]
</properties>
  <testcase name="testParseFile" classname="edu.ics372.ParserTest" time="0.001">
    <system-out><![CDATA[Test 3: parseFile()
  ✗ Test file doesn't exist: C:\Users\Takac\IdeaProjects\ics-372-project3\order.json

]]></system-out>
  </testcase>
  <testcase name="testExportJSON" classname="edu.ics372.ParserTest" time="0.0">
    <system-out><![CDATA[Test 4: exportJSON()
Error parsing file: order.json
  ✗ Cannot test export - no orders to export

]]></system-out>
  </testcase>
  <testcase name="createSampleJsonFile" classname="edu.ics372.ParserTest" time="0.003">
    <system-out><![CDATA[Test 2: Creating sample JSON file
  ✓ Sample JSON file created: C:\Users\Takac\IdeaProjects\ics-372-project3\order.json
  Items created: 5
  File size: 684 bytes

]]></system-out>
  </testcase>
  <testcase name="cleanup" classname="edu.ics372.ParserTest" time="0.002">
    <system-out><![CDATA[Cleanup: Removing test files
  ✓ Test files cleaned up (deleted: test_order.json )
]]></system-out>
  </testcase>
  <testcase name="testConstructor" classname="edu.ics372.ParserTest" time="0.0">
    <system-out><![CDATA[Test 1: Constructor
  ✓ JsonParser created successfully

]]></system-out>
  </testcase>
</testsuite>