<?xml version="1.0" encoding="UTF-8"?>
<testsuite xmlns:xsi="http://www.w3.org/2001/XMLSchema-instance" xsi:noNamespaceSchemaLocation="https://maven.apache.org/surefire/maven-surefire-plugin/xsd/surefire-test-report-3.0.xsd" version="3.0" name="edu.ics372.ParserTest" time="0.015" tests="5" errors="0" skipped="0" failures="0">
  <properties>
[...]
</properties>
  <testcase name="edu.ics372.ParserTest.testGetFilePath()" classname="edu.ics372.ParserTest" time="0.003">
    <system-out><![CDATA[Test 2: getFilePath()
  Current file path: ../order.json
  ✓ getFilePath() works

]]></system-out>
  </testcase>
  <testcase name="edu.ics372.ParserTest.testSetNewPath()" classname="edu.ics372.ParserTest" time="0.001">
    <system-out><![CDATA[Test 3: setNewPath()
  ✓ Path changed successfully to: test_order.json

]]></system-out>
  </testcase>
  <testcase name="edu.ics372.ParserTest.testParseFile()" classname="edu.ics372.ParserTest" time="0.001">
    <system-out><![CDATA[Test 5: parseFile()
java.nio.file.NoSuchFileException: test_order.json
  ✗ Failed to parse file - returned null

]]></system-out>
  </testcase>
  <testcase name="edu.ics372.ParserTest.testExportJSON()" classname="edu.ics372.ParserTest" time="0.001">
    <system-out><![CDATA[Test 6: exportJSON()
java.nio.file.NoSuchFileException: test_order.json
  ✗ Cannot test export - no order to export

]]></system-out>
  </testcase>
  <testcase name="edu.ics372.ParserTest.testConstructor()" classname="edu.ics372.ParserTest" time="0.0">
    <system-out><![CDATA[Test 1: Constructor
  ✓ JsonParser created successfully

]]></system-out>
  </testcase>
</testsuite>